Flow report for DE10_LITE_D8M_VIP
Thu Jun 23 12:19:52 2022
Quartus Prime Version 18.1.0 Build 625 09/12/2018 SJ Standard Edition


---------------------
; Table of Contents ;
---------------------
  1. Legal Notice
  2. Flow Summary
  3. Flow Settings
  4. Flow Non-Default Global Settings
  5. Flow Elapsed Time
  6. Flow OS Summary
  7. Flow Log
  8. Flow Messages
  9. Flow Suppressed Messages



----------------
; Legal Notice ;
----------------
Copyright (C) 2018  Intel Corporation. All rights reserved.
Your use of Intel Corporation's design tools, logic functions 
and other software and tools, and its AMPP partner logic 
functions, and any output files from any of the foregoing 
(including device programming or simulation files), and any 
associated documentation or information are expressly subject 
to the terms and conditions of the Intel Program License 
Subscription Agreement, the Intel Quartus Prime License Agreement,
the Intel FPGA IP License Agreement, or other applicable license
agreement, including, without limitation, that your use is for
the sole purpose of programming logic devices manufactured by
Intel and sold by Intel or its authorized distributors.  Please
refer to the applicable agreement for further details.



+--------------------------------------------------------------------------------------+
; Flow Summary                                                                         ;
+------------------------------------+-------------------------------------------------+
; Flow Status                        ; Successful - Thu Jun 23 12:19:03 2022           ;
; Quartus Prime Version              ; 18.1.0 Build 625 09/12/2018 SJ Standard Edition ;
; Revision Name                      ; DE10_LITE_D8M_VIP                               ;
; Top-level Entity Name              ; DE10_LITE_D8M_VIP                               ;
; Family                             ; MAX 10                                          ;
; Device                             ; 10M50DAF484C7G                                  ;
; Timing Models                      ; Final                                           ;
; Total logic elements               ; 34,478 / 49,760 ( 69 % )                        ;
;     Total combinational functions  ; 32,868 / 49,760 ( 66 % )                        ;
;     Dedicated logic registers      ; 26,151 / 49,760 ( 53 % )                        ;
; Total registers                    ; 26218                                           ;
; Total pins                         ; 171 / 360 ( 48 % )                              ;
; Total virtual pins                 ; 0                                               ;
; Total memory bits                  ; 1,341,624 / 1,677,312 ( 80 % )                  ;
; Embedded Multiplier 9-bit elements ; 6 / 288 ( 2 % )                                 ;
; Total PLLs                         ; 1 / 4 ( 25 % )                                  ;
; UFM blocks                         ; 0 / 1 ( 0 % )                                   ;
; ADC blocks                         ; 0 / 2 ( 0 % )                                   ;
+------------------------------------+-------------------------------------------------+


+-----------------------------------------+
; Flow Settings                           ;
+-------------------+---------------------+
; Option            ; Setting             ;
+-------------------+---------------------+
; Start date & time ; 06/23/2022 12:11:01 ;
; Main task         ; Compilation         ;
; Revision Name     ; DE10_LITE_D8M_VIP   ;
+-------------------+---------------------+


+-------------------------------------------------------------------------------------------------------------------------+
; Flow Non-Default Global Settings                                                                                        ;
+-------------------------------------+----------------------------------------+---------------+-------------+------------+
; Assignment Name                     ; Value                                  ; Default Value ; Entity Name ; Section Id ;
+-------------------------------------+----------------------------------------+---------------+-------------+------------+
; COMPILER_SIGNATURE_ID               ; 22095314620720.165598266121698         ; --            ; --          ; --         ;
; ENABLE_SIGNALTAP                    ; Off                                    ; --            ; --          ; --         ;
; FITTER_EFFORT                       ; Standard Fit                           ; Auto Fit      ; --          ; --         ;
; MAX_CORE_JUNCTION_TEMP              ; 85                                     ; --            ; --          ; --         ;
; MIN_CORE_JUNCTION_TEMP              ; 0                                      ; --            ; --          ; --         ;
; MISC_FILE                           ; ip/EEE_IMGPROC/MSG_FIFO_inst.v         ; --            ; --          ; --         ;
; MISC_FILE                           ; ip/EEE_IMGPROC/MSG_FIFO_bb.v           ; --            ; --          ; --         ;
; OUTPUT_IO_TIMING_FAR_END_VMEAS      ; Half Signal Swing                      ; --            ; --          ; --         ;
; OUTPUT_IO_TIMING_FAR_END_VMEAS      ; Half Signal Swing                      ; --            ; --          ; --         ;
; OUTPUT_IO_TIMING_NEAR_END_VMEAS     ; Half Vccio                             ; --            ; --          ; --         ;
; OUTPUT_IO_TIMING_NEAR_END_VMEAS     ; Half Vccio                             ; --            ; --          ; --         ;
; PARTITION_COLOR                     ; -- (Not supported for targeted family) ; --            ; --          ; Top        ;
; PARTITION_FITTER_PRESERVATION_LEVEL ; -- (Not supported for targeted family) ; --            ; --          ; Top        ;
; PARTITION_NETLIST_TYPE              ; -- (Not supported for targeted family) ; --            ; --          ; Top        ;
; POWER_BOARD_THERMAL_MODEL           ; None (CONSERVATIVE)                    ; --            ; --          ; --         ;
; POWER_PRESET_COOLING_SOLUTION       ; 23 MM HEAT SINK WITH 200 LFPM AIRFLOW  ; --            ; --          ; --         ;
; PROJECT_OUTPUT_DIRECTORY            ; output_files                           ; --            ; --          ; --         ;
; USE_SIGNALTAP_FILE                  ; stp1.stp                               ; --            ; --          ; --         ;
+-------------------------------------+----------------------------------------+---------------+-------------+------------+


+--------------------------------------------------------------------------------------------------------------------------+
; Flow Elapsed Time                                                                                                        ;
+----------------------+--------------+-------------------------+---------------------+------------------------------------+
; Module Name          ; Elapsed Time ; Average Processors Used ; Peak Virtual Memory ; Total CPU Time (on all processors) ;
+----------------------+--------------+-------------------------+---------------------+------------------------------------+
; Analysis & Synthesis ; 00:02:54     ; 1.0                     ; 1705 MB             ; 00:04:33                           ;
; Fitter               ; 00:04:11     ; 1.8                     ; 3269 MB             ; 00:10:52                           ;
; Assembler            ; 00:00:07     ; 1.0                     ; 1052 MB             ; 00:00:06                           ;
; Timing Analyzer      ; 00:00:19     ; 4.5                     ; 1489 MB             ; 00:00:47                           ;
; Total                ; 00:07:31     ; --                      ; --                  ; 00:16:18                           ;
+----------------------+--------------+-------------------------+---------------------+------------------------------------+


+------------------------------------------------------------------------------------------------+
; Flow OS Summary                                                                                ;
+----------------------+----------------------+----------------+----------------+----------------+
; Module Name          ; Machine Hostname     ; OS Name        ; OS Version     ; Processor type ;
+----------------------+----------------------+----------------+----------------+----------------+
; Analysis & Synthesis ; ee-mill1.ee.ic.ac.uk ; CentOS release ; CentOS release ; x86_64         ;
; Fitter               ; ee-mill1.ee.ic.ac.uk ; CentOS release ; CentOS release ; x86_64         ;
; Assembler            ; ee-mill1.ee.ic.ac.uk ; CentOS release ; CentOS release ; x86_64         ;
; Timing Analyzer      ; ee-mill1.ee.ic.ac.uk ; CentOS release ; CentOS release ; x86_64         ;
+----------------------+----------------------+----------------+----------------+----------------+


------------
; Flow Log ;
------------
quartus_map --read_settings_files=on --write_settings_files=off DE10_LITE_D8M_VIP -c DE10_LITE_D8M_VIP
quartus_fit --read_settings_files=off --write_settings_files=off DE10_LITE_D8M_VIP -c DE10_LITE_D8M_VIP
quartus_asm --read_settings_files=off --write_settings_files=off DE10_LITE_D8M_VIP -c DE10_LITE_D8M_VIP
quartus_sta DE10_LITE_D8M_VIP -c DE10_LITE_D8M_VIP



